<?xml version="1.0" encoding="UTF-8"?>
<!-- Generated by org.testng.reporters.JUnitXMLReporter -->
<testsuite ignored="0" hostname="Sukhvinder" failures="0" tests="11" name="Test" time="55.398" errors="0" timestamp="2025-07-11T00:58:32 IST">
  <testcase classname="testcases.RestAssured_TestCases" name="loginWithSeleniumAndGetCookie" time="24.047"/>
  <testcase classname="testcases.RestAssured_TestCases" name="GetLogin" time="3.578"/>
  <testcase classname="testcases.RestAssured_TestCases" name="GetEmpActionSummary" time="3.377"/>
  <testcase classname="testcases.RestAssured_TestCases" name="GetDashboardShortcut" time="1.901"/>
  <testcase classname="testcases.RestAssured_TestCases" name="GetEmpLeaveInfo" time="1.063"/>
  <testcase classname="testcases.RestAssured_TestCases" name="GetEmpSubunit" time="1.003"/>
  <testcase classname="testcases.RestAssured_TestCases" name="PutEmpName" time="5.445"/>
  <testcase classname="testcases.RestAssured_TestCases" name="PostEmpStatus" time="2.807"/>
  <testcase classname="testcases.RestAssured_TestCases" name="DeleteEmp" time="2.902"/>
  <testcase classname="testcases.RestAssured_TestCases" name="PostEmpName" time="0.982"/>
  <testcase classname="testcases.RestAssured_TestCases" name="PutEmpStatus" time="1.307"/>
</testsuite> <!-- Test -->
