<?xml version="1.0" encoding="UTF-8"?>
<testng-results ignored="0" total="11" passed="11" failed="0" skipped="0">
  <reporter-output>
  </reporter-output>
  <suite started-at="2025-07-11T00:57:36 IST" name="Suite" finished-at="2025-07-11T00:58:32 IST" duration-ms="55398">
    <groups>
      <group name="PL1">
        <method signature="RestAssured_TestCases.GetLogin()[pri:1, instance:testcases.RestAssured_TestCases@732d0d24]" name="GetLogin" class="testcases.RestAssured_TestCases"/>
        <method signature="RestAssured_TestCases.GetEmpActionSummary()[pri:2, instance:testcases.RestAssured_TestCases@732d0d24]" name="GetEmpActionSummary" class="testcases.RestAssured_TestCases"/>
        <method signature="RestAssured_TestCases.GetDashboardShortcut()[pri:3, instance:testcases.RestAssured_TestCases@732d0d24]" name="GetDashboardShortcut" class="testcases.RestAssured_TestCases"/>
        <method signature="RestAssured_TestCases.GetEmpLeaveInfo()[pri:4, instance:testcases.RestAssured_TestCases@732d0d24]" name="GetEmpLeaveInfo" class="testcases.RestAssured_TestCases"/>
        <method signature="RestAssured_TestCases.GetEmpSubunit()[pri:5, instance:testcases.RestAssured_TestCases@732d0d24]" name="GetEmpSubunit" class="testcases.RestAssured_TestCases"/>
        <method signature="RestAssured_TestCases.PutEmpName()[pri:6, instance:testcases.RestAssured_TestCases@732d0d24]" name="PutEmpName" class="testcases.RestAssured_TestCases"/>
        <method signature="RestAssured_TestCases.PostEmpStatus()[pri:7, instance:testcases.RestAssured_TestCases@732d0d24]" name="PostEmpStatus" class="testcases.RestAssured_TestCases"/>
        <method signature="RestAssured_TestCases.PutEmpStatus()[pri:8, instance:testcases.RestAssured_TestCases@732d0d24]" name="PutEmpStatus" class="testcases.RestAssured_TestCases"/>
        <method signature="RestAssured_TestCases.DeleteEmp()[pri:9, instance:testcases.RestAssured_TestCases@732d0d24]" name="DeleteEmp" class="testcases.RestAssured_TestCases"/>
        <method signature="RestAssured_TestCases.loginWithSeleniumAndGetCookie()[pri:0, instance:testcases.RestAssured_TestCases@732d0d24]" name="loginWithSeleniumAndGetCookie" class="testcases.RestAssured_TestCases"/>
        <method signature="RestAssured_TestCases.PostEmpName()[pri:10, instance:testcases.RestAssured_TestCases@732d0d24]" name="PostEmpName" class="testcases.RestAssured_TestCases"/>
      </group> <!-- PL1 -->
    </groups>
    <test started-at="2025-07-11T00:57:36 IST" name="Test" finished-at="2025-07-11T00:58:32 IST" duration-ms="55398">
      <class name="testcases.RestAssured_TestCases">
        <test-method signature="loginWithSeleniumAndGetCookie()[pri:0, instance:testcases.RestAssured_TestCases@732d0d24]" started-at="2025-07-11T00:57:36 IST" name="loginWithSeleniumAndGetCookie" description="1. Login to the application using Selenium WebDriver
2. Extract the cookie named &#039;orangehrm&#039; after successful login
3. Store the cookie value for subsequent API requests" finished-at="2025-07-11T00:58:00 IST" duration-ms="24047" status="PASS">
          <reporter-output>
          </reporter-output>
        </test-method> <!-- loginWithSeleniumAndGetCookie -->
        <test-method signature="GetLogin()[pri:1, instance:testcases.RestAssured_TestCases@732d0d24]" started-at="2025-07-11T00:58:02 IST" name="GetLogin" description="1. Send a GET request to the &#039;/web/index.php/auth/login&#039; endpoint with a valid cookie
2. Do not pass any request body (null)
3. Print and verify the response status code and response body
4. Assert that the response status code is 200 (OK) and response is HTML page" finished-at="2025-07-11T00:58:05 IST" duration-ms="3578" status="PASS">
          <reporter-output>
          </reporter-output>
        </test-method> <!-- GetLogin -->
        <test-method signature="GetEmpActionSummary()[pri:2, instance:testcases.RestAssured_TestCases@732d0d24]" started-at="2025-07-11T00:58:08 IST" name="GetEmpActionSummary" description="1. Send a GET request to the &#039;/web/index.php/api/v2/dashboard/employees/action-summary&#039; endpoint with a valid cookie
2. Do not include any request body (null)
3. Print the response status code and response body
4. Assert that the response status code is 200 (OK)" finished-at="2025-07-11T00:58:12 IST" duration-ms="3377" status="PASS">
          <reporter-output>
          </reporter-output>
        </test-method> <!-- GetEmpActionSummary -->
        <test-method signature="GetDashboardShortcut()[pri:3, instance:testcases.RestAssured_TestCases@732d0d24]" started-at="2025-07-11T00:58:12 IST" name="GetDashboardShortcut" description="1. Send a GET request to the &#039;/web/index.php/api/v2/dashboard/shortcuts&#039; endpoint with a valid cookie
2. Do not provide any request body (null)
3. Print the response status code and body for verification
4. Assert that the response status code is 200 (OK)" finished-at="2025-07-11T00:58:14 IST" duration-ms="1901" status="PASS">
          <reporter-output>
          </reporter-output>
        </test-method> <!-- GetDashboardShortcut -->
        <test-method signature="GetEmpLeaveInfo()[pri:4, instance:testcases.RestAssured_TestCases@732d0d24]" started-at="2025-07-11T00:58:15 IST" name="GetEmpLeaveInfo" description="1. Generate the current date dynamically in &#039;yyyy-MM-dd&#039; format
2. Send a GET request to the &#039;/web/index.php/api/v2/dashboard/employees/leaves?date={current_date}&#039; endpoint with a valid cookie
3. Do not include any request body (null)
4. Log the date used, response status code, and response body
5. Assert that the response status code is 200 (OK)" finished-at="2025-07-11T00:58:16 IST" duration-ms="1063" status="PASS">
          <reporter-output>
          </reporter-output>
        </test-method> <!-- GetEmpLeaveInfo -->
        <test-method signature="GetEmpSubunit()[pri:5, instance:testcases.RestAssured_TestCases@732d0d24]" started-at="2025-07-11T00:58:16 IST" name="GetEmpSubunit" description="1. Send a GET request to the &#039;/web/index.php/api/v2/dashboard/employees/subunit&#039; endpoint with a valid cookie
2. Do not provide any request body (null)
3. Print the response status code and response body for validation
4. Assert that the response status code is 200 (OK)" finished-at="2025-07-11T00:58:17 IST" duration-ms="1003" status="PASS">
          <reporter-output>
          </reporter-output>
        </test-method> <!-- GetEmpSubunit -->
        <test-method signature="PutEmpName()[pri:6, instance:testcases.RestAssured_TestCases@732d0d24]" started-at="2025-07-11T00:58:17 IST" name="PutEmpName" description="Precondition: Retrieve the pay grade ID using getPayGradeid()
1. Construct the endpoint &#039;/web/index.php/api/v2/admin/pay-grades/{id}&#039; dynamically using the retrieved ID
2. Create a JSON request body with name as &#039;abcde&#039;
3. Send a PUT request with the constructed endpoint, valid cookie, and request body
4. Print the response status code and body for verification
5. Assert that the response status code is 200 (OK)" finished-at="2025-07-11T00:58:23 IST" duration-ms="5445" status="PASS">
          <reporter-output>
          </reporter-output>
        </test-method> <!-- PutEmpName -->
        <test-method signature="PostEmpStatus()[pri:7, instance:testcases.RestAssured_TestCases@732d0d24]" started-at="2025-07-11T00:58:23 IST" name="PostEmpStatus" description="1. Generate a unique employment status name using the current timestamp
2. Create a JSON request body with the generated name
3. Send a POST request to the &#039;/web/index.php/api/v2/admin/employment-statuses&#039; endpoint with a valid cookie and request body
4. Print the request body, response status code, and response body for debugging
5. Assert that the response status code is 200, indicating successful creation" finished-at="2025-07-11T00:58:26 IST" duration-ms="2807" status="PASS">
          <reporter-output>
          </reporter-output>
        </test-method> <!-- PostEmpStatus -->
        <test-method signature="DeleteEmp()[pri:9, instance:testcases.RestAssured_TestCases@732d0d24]" started-at="2025-07-11T00:58:26 IST" name="DeleteEmp" description="Precondition: Retrieve the employment status ID using getemploymentstatusid()
1. Construct the request body with the retrieved ID in the format: {&quot;ids&quot;: [id]}
2. Send a DELETE request to the &#039;/web/index.php/api/v2/admin/employment-statuses&#039; endpoint with a valid cookie and the request body
3. Print the request body, response status code, and response body for debugging
4. Assert that the response status code is 200, indicating the request was successful" finished-at="2025-07-11T00:58:29 IST" duration-ms="2902" status="PASS">
          <reporter-output>
          </reporter-output>
        </test-method> <!-- DeleteEmp -->
        <test-method signature="PostEmpName()[pri:10, instance:testcases.RestAssured_TestCases@732d0d24]" started-at="2025-07-11T00:58:29 IST" name="PostEmpName" description="1. Generate a unique job category name using a random UUID substring
2. Create a JSON request body with the generated name
3. Send a POST request to the &#039;/web/index.php/api/v2/admin/job-categories&#039; endpoint with a valid cookie and the request body
4. Print the request body, response status code, and response body for debugging
5. Assert that the response status code is 200, indicating successful creation of the job category" finished-at="2025-07-11T00:58:30 IST" duration-ms="982" status="PASS">
          <reporter-output>
          </reporter-output>
        </test-method> <!-- PostEmpName -->
        <test-method signature="PutEmpStatus()[pri:8, instance:testcases.RestAssured_TestCases@732d0d24]" started-at="2025-07-11T00:58:30 IST" name="PutEmpStatus" description="Precondition: Retrieve the employment status ID using getemploymentstatusid()
1. Construct the endpoint &#039;/web/index.php/api/v2/admin/employment-statuses/{id}&#039; using the retrieved ID
2. Create a JSON request body to update the employment status name to &#039;abcdef&#039;
3. Send a PUT request to the constructed endpoint with a valid cookie and the request body
4. Print the request body, response status code, and response body for debugging
5. Assert that the response status code is 200, indicating successful update" finished-at="2025-07-11T00:58:32 IST" depends-on-methods="testcases.RestAssured_TestCases.PostEmpStatus" duration-ms="1307" status="PASS">
          <reporter-output>
          </reporter-output>
        </test-method> <!-- PutEmpStatus -->
      </class> <!-- testcases.RestAssured_TestCases -->
    </test> <!-- Test -->
  </suite> <!-- Suite -->
</testng-results>
